  4.cpp
C:\Users\SW2164\Desktop\프로젝트\4\4\4.cpp(17,13): error C2059: 구문 오류: '{'
C:\Users\SW2164\Desktop\프로젝트\4\4\4.cpp(17,13): error C2143: 구문 오류: ';'이(가) '{' 앞에 없습니다.
C:\Users\SW2164\Desktop\프로젝트\4\4\4.cpp(10,5): error C4996: 'scanf': This function or variable may be unsafe. Consider using scanf_s instead. To disable deprecation, use _CRT_SECURE_NO_WARNINGS. See online help for details.
